2020-06-08 15:18:20.360 [main] DEBUG org.springframework.web.context.ContextLoader - Published root WebApplicationContext as ServletContext attribute with name [org.springframework.web.context.WebApplicationContext.ROOT]
2020-06-08 15:18:20.485 [main] DEBUG org.springframework.web.servlet.mvc.method.annotation.RequestMappingHandlerAdapter - ControllerAdvice beans: 0 @ModelAttribute, 0 @InitBinder, 1 RequestBodyAdvice, 1 ResponseBodyAdvice
2020-06-08 15:18:20.542 [main] DEBUG org.springframework.web.servlet.mvc.method.annotation.RequestMappingHandlerMapping - 3 mappings in 'requestMappingHandlerMapping'
2020-06-08 15:18:20.561 [main] DEBUG org.springframework.web.servlet.handler.SimpleUrlHandlerMapping - Patterns [/webjars/**, /**] in 'resourceHandlerMapping'
2020-06-08 15:18:20.567 [main] DEBUG org.springframework.web.servlet.mvc.method.annotation.ExceptionHandlerExceptionResolver - ControllerAdvice beans: 0 @ExceptionHandler, 1 ResponseBodyAdvice
2020-06-08 15:18:30.304 [http-nio-9000-exec-2] DEBUG org.springframework.web.servlet.DispatcherServlet - Detected StandardServletMultipartResolver
2020-06-08 15:18:30.314 [http-nio-9000-exec-2] DEBUG org.springframework.web.servlet.DispatcherServlet - enableLoggingRequestDetails='false': request parameters and headers will be masked to prevent unsafe logging of potentially sensitive data
2020-06-08 15:18:30.323 [http-nio-9000-exec-2] DEBUG org.springframework.web.servlet.DispatcherServlet - POST "/log", parameters={}
2020-06-08 15:18:30.329 [http-nio-9000-exec-2] DEBUG org.springframework.web.servlet.mvc.method.annotation.RequestMappingHandlerMapping - Mapped to com.springboot.logger_file.controller.Index#log(HttpServletRequest)
2020-06-08 15:18:30.424 [http-nio-9000-exec-2] DEBUG org.springframework.web.servlet.mvc.method.annotation.RequestResponseBodyMethodProcessor - Using 'application/json;q=.2', given [text/html, image/gif, image/jpeg, */*;q=.2, */*;q=.2] and supported [application/json, application/*+json, application/json, application/*+json]
2020-06-08 15:18:30.425 [http-nio-9000-exec-2] DEBUG org.springframework.web.servlet.mvc.method.annotation.RequestResponseBodyMethodProcessor - Nothing to write: null body
2020-06-08 15:18:30.426 [http-nio-9000-exec-2] DEBUG org.springframework.web.servlet.DispatcherServlet - Completed 200 OK
2020-06-08 15:20:11.160 [http-nio-9000-exec-5] DEBUG org.springframework.web.servlet.DispatcherServlet - POST "/log", parameters={}
2020-06-08 15:20:11.161 [http-nio-9000-exec-5] DEBUG org.springframework.web.servlet.mvc.method.annotation.RequestMappingHandlerMapping - Mapped to com.springboot.logger_file.controller.Index#log(HttpServletRequest)
2020-06-08 15:20:11.163 [http-nio-9000-exec-5] DEBUG org.springframework.web.servlet.mvc.method.annotation.RequestResponseBodyMethodProcessor - Using 'application/json;q=.2', given [text/html, image/gif, image/jpeg, */*;q=.2, */*;q=.2] and supported [application/json, application/*+json, application/json, application/*+json]
2020-06-08 15:20:11.163 [http-nio-9000-exec-5] DEBUG org.springframework.web.servlet.mvc.method.annotation.RequestResponseBodyMethodProcessor - Nothing to write: null body
2020-06-08 15:20:11.164 [http-nio-9000-exec-5] DEBUG org.springframework.web.servlet.DispatcherServlet - Completed 200 OK
2020-06-08 15:20:11.167 [http-nio-9000-exec-7] DEBUG org.springframework.web.servlet.DispatcherServlet - POST "/log", parameters={}
2020-06-08 15:20:11.167 [http-nio-9000-exec-7] DEBUG org.springframework.web.servlet.mvc.method.annotation.RequestMappingHandlerMapping - Mapped to com.springboot.logger_file.controller.Index#log(HttpServletRequest)
2020-06-08 15:20:11.169 [http-nio-9000-exec-7] DEBUG org.springframework.web.servlet.mvc.method.annotation.RequestResponseBodyMethodProcessor - Using 'application/json;q=.2', given [text/html, image/gif, image/jpeg, */*;q=.2, */*;q=.2] and supported [application/json, application/*+json, application/json, application/*+json]
2020-06-08 15:20:11.169 [http-nio-9000-exec-7] DEBUG org.springframework.web.servlet.mvc.method.annotation.RequestResponseBodyMethodProcessor - Nothing to write: null body
2020-06-08 15:20:11.169 [http-nio-9000-exec-7] DEBUG org.springframework.web.servlet.DispatcherServlet - Completed 200 OK
2020-06-08 15:20:39.409 [http-nio-9000-exec-9] DEBUG org.springframework.web.servlet.DispatcherServlet - POST "/log", parameters={}
2020-06-08 15:20:39.410 [http-nio-9000-exec-9] DEBUG org.springframework.web.servlet.mvc.method.annotation.RequestMappingHandlerMapping - Mapped to com.springboot.logger_file.controller.Index#log(HttpServletRequest)
2020-06-08 15:20:39.413 [http-nio-9000-exec-9] DEBUG org.springframework.web.servlet.mvc.method.annotation.RequestResponseBodyMethodProcessor - Using 'application/json;q=.2', given [text/html, image/gif, image/jpeg, */*;q=.2, */*;q=.2] and supported [application/json, application/*+json, application/json, application/*+json]
2020-06-08 15:20:39.413 [http-nio-9000-exec-9] DEBUG org.springframework.web.servlet.mvc.method.annotation.RequestResponseBodyMethodProcessor - Nothing to write: null body
2020-06-08 15:20:39.413 [http-nio-9000-exec-9] DEBUG org.springframework.web.servlet.DispatcherServlet - Completed 200 OK
2020-06-08 15:20:39.416 [http-nio-9000-exec-1] DEBUG org.springframework.web.servlet.DispatcherServlet - POST "/log", parameters={}
2020-06-08 15:20:39.417 [http-nio-9000-exec-1] DEBUG org.springframework.web.servlet.mvc.method.annotation.RequestMappingHandlerMapping - Mapped to com.springboot.logger_file.controller.Index#log(HttpServletRequest)
2020-06-08 15:20:39.418 [http-nio-9000-exec-1] DEBUG org.springframework.web.servlet.mvc.method.annotation.RequestResponseBodyMethodProcessor - Using 'application/json;q=.2', given [text/html, image/gif, image/jpeg, */*;q=.2, */*;q=.2] and supported [application/json, application/*+json, application/json, application/*+json]
2020-06-08 15:20:39.418 [http-nio-9000-exec-1] DEBUG org.springframework.web.servlet.mvc.method.annotation.RequestResponseBodyMethodProcessor - Nothing to write: null body
2020-06-08 15:20:39.418 [http-nio-9000-exec-1] DEBUG org.springframework.web.servlet.DispatcherServlet - Completed 200 OK
2020-06-08 15:24:10.487 [http-nio-9000-exec-4] DEBUG org.springframework.web.servlet.DispatcherServlet - POST "/log", parameters={}
2020-06-08 15:24:10.488 [http-nio-9000-exec-4] DEBUG org.springframework.web.servlet.mvc.method.annotation.RequestMappingHandlerMapping - Mapped to com.springboot.logger_file.controller.Index#log(HttpServletRequest)
2020-06-08 15:24:10.578 [http-nio-9000-exec-4] DEBUG org.springframework.web.servlet.mvc.method.annotation.RequestResponseBodyMethodProcessor - Using 'application/json;q=.2', given [text/html, image/gif, image/jpeg, */*;q=.2, */*;q=.2] and supported [application/json, application/*+json, application/json, application/*+json]
2020-06-08 15:24:10.579 [http-nio-9000-exec-4] DEBUG org.springframework.web.servlet.mvc.method.annotation.RequestResponseBodyMethodProcessor - Nothing to write: null body
2020-06-08 15:24:10.579 [http-nio-9000-exec-4] DEBUG org.springframework.web.servlet.DispatcherServlet - Completed 200 OK
2020-06-08 15:24:10.583 [http-nio-9000-exec-6] DEBUG org.springframework.web.servlet.DispatcherServlet - POST "/log", parameters={}
2020-06-08 15:24:10.583 [http-nio-9000-exec-6] DEBUG org.springframework.web.servlet.mvc.method.annotation.RequestMappingHandlerMapping - Mapped to com.springboot.logger_file.controller.Index#log(HttpServletRequest)
2020-06-08 15:24:10.585 [http-nio-9000-exec-6] DEBUG org.springframework.web.servlet.mvc.method.annotation.RequestResponseBodyMethodProcessor - Using 'application/json;q=.2', given [text/html, image/gif, image/jpeg, */*;q=.2, */*;q=.2] and supported [application/json, application/*+json, application/json, application/*+json]
2020-06-08 15:24:10.585 [http-nio-9000-exec-6] DEBUG org.springframework.web.servlet.mvc.method.annotation.RequestResponseBodyMethodProcessor - Nothing to write: null body
2020-06-08 15:24:10.585 [http-nio-9000-exec-6] DEBUG org.springframework.web.servlet.DispatcherServlet - Completed 200 OK
2020-06-08 15:26:24.196 [http-nio-9000-exec-9] DEBUG org.springframework.web.servlet.DispatcherServlet - POST "/log", parameters={}
2020-06-08 15:26:24.196 [http-nio-9000-exec-9] DEBUG org.springframework.web.servlet.mvc.method.annotation.RequestMappingHandlerMapping - Mapped to com.springboot.logger_file.controller.Index#log(HttpServletRequest)
2020-06-08 15:26:24.198 [http-nio-9000-exec-9] DEBUG org.springframework.web.servlet.mvc.method.annotation.RequestResponseBodyMethodProcessor - Using 'application/json;q=.2', given [text/html, image/gif, image/jpeg, */*;q=.2, */*;q=.2] and supported [application/json, application/*+json, application/json, application/*+json]
2020-06-08 15:26:24.198 [http-nio-9000-exec-9] DEBUG org.springframework.web.servlet.mvc.method.annotation.RequestResponseBodyMethodProcessor - Nothing to write: null body
2020-06-08 15:26:24.198 [http-nio-9000-exec-9] DEBUG org.springframework.web.servlet.DispatcherServlet - Completed 200 OK
2020-06-08 15:26:24.201 [http-nio-9000-exec-1] DEBUG org.springframework.web.servlet.DispatcherServlet - POST "/log", parameters={}
2020-06-08 15:26:24.202 [http-nio-9000-exec-1] DEBUG org.springframework.web.servlet.mvc.method.annotation.RequestMappingHandlerMapping - Mapped to com.springboot.logger_file.controller.Index#log(HttpServletRequest)
2020-06-08 15:26:24.203 [http-nio-9000-exec-1] DEBUG org.springframework.web.servlet.mvc.method.annotation.RequestResponseBodyMethodProcessor - Using 'application/json;q=.2', given [text/html, image/gif, image/jpeg, */*;q=.2, */*;q=.2] and supported [application/json, application/*+json, application/json, application/*+json]
2020-06-08 15:26:24.203 [http-nio-9000-exec-1] DEBUG org.springframework.web.servlet.mvc.method.annotation.RequestResponseBodyMethodProcessor - Nothing to write: null body
2020-06-08 15:26:24.204 [http-nio-9000-exec-1] DEBUG org.springframework.web.servlet.DispatcherServlet - Completed 200 OK
