2020-06-08 15:18:19.544 [main] INFO  com.springboot.logger_file.LoggerFileApplication2 - Starting LoggerFileApplication2 on WIN-QCKJGJA58BC with PID 3356 (E:\myGitHub\SpringAll\spring-boot-log\logger_filer\target\classes started by Administrator in E:\myGitHub\SpringAll\spring-boot-log\logger_filer)
2020-06-08 15:18:19.547 [main] INFO  com.springboot.logger_file.LoggerFileApplication2 - No active profile set, falling back to default profiles: default
2020-06-08 15:18:20.279 [main] INFO  org.springframework.boot.web.embedded.tomcat.TomcatWebServer - Tomcat initialized with port(s): 9000 (http)
2020-06-08 15:18:20.296 [main] INFO  org.apache.catalina.core.StandardService - Starting service [Tomcat]
2020-06-08 15:18:20.297 [main] INFO  org.apache.catalina.core.StandardEngine - Starting Servlet engine: [Apache Tomcat/9.0.35]
2020-06-08 15:18:20.360 [main] INFO  org.apache.catalina.core.ContainerBase.[Tomcat].[localhost].[/] - Initializing Spring embedded WebApplicationContext
2020-06-08 15:18:20.360 [main] INFO  org.springframework.web.context.ContextLoader - Root WebApplicationContext: initialization completed in 777 ms
2020-06-08 15:18:20.477 [main] INFO  org.springframework.scheduling.concurrent.ThreadPoolTaskExecutor - Initializing ExecutorService 'applicationTaskExecutor'
2020-06-08 15:18:20.646 [main] INFO  org.springframework.boot.web.embedded.tomcat.TomcatWebServer - Tomcat started on port(s): 9000 (http) with context path ''
2020-06-08 15:18:20.658 [main] INFO  com.springboot.logger_file.LoggerFileApplication2 - Started LoggerFileApplication2 in 1.561 seconds (JVM running for 4.024)
2020-06-08 15:18:30.300 [http-nio-9000-exec-2] INFO  org.apache.catalina.core.ContainerBase.[Tomcat].[localhost].[/] - Initializing Spring DispatcherServlet 'dispatcherServlet'
2020-06-08 15:18:30.303 [http-nio-9000-exec-2] INFO  org.springframework.web.servlet.DispatcherServlet - Initializing Servlet 'dispatcherServlet'
2020-06-08 15:18:30.315 [http-nio-9000-exec-2] INFO  org.springframework.web.servlet.DispatcherServlet - Completed initialization in 12 ms
2020-06-08 15:18:30.344 [http-nio-9000-exec-2] INFO  com.springboot.logger_file.controller.Index - org.apache.catalina.connector.RequestFacade@68d13ab
2020-06-08 15:20:11.161 [http-nio-9000-exec-5] INFO  com.springboot.logger_file.controller.Index - org.apache.catalina.connector.RequestFacade@68d13ab
2020-06-08 15:20:11.168 [http-nio-9000-exec-7] INFO  com.springboot.logger_file.controller.Index - org.apache.catalina.connector.RequestFacade@68d13ab
2020-06-08 15:20:39.410 [http-nio-9000-exec-9] INFO  com.springboot.logger_file.controller.Index - org.apache.catalina.connector.RequestFacade@68d13ab
2020-06-08 15:20:39.417 [http-nio-9000-exec-1] INFO  com.springboot.logger_file.controller.Index - org.apache.catalina.connector.RequestFacade@68d13ab
2020-06-08 15:24:10.489 [http-nio-9000-exec-4] INFO  com.springboot.logger_file.controller.Index - org.apache.catalina.connector.RequestFacade@68d13ab
2020-06-08 15:24:10.584 [http-nio-9000-exec-6] INFO  com.springboot.logger_file.controller.Index - org.apache.catalina.connector.RequestFacade@68d13ab
2020-06-08 15:26:24.197 [http-nio-9000-exec-9] INFO  com.springboot.logger_file.controller.Index - org.apache.catalina.connector.RequestFacade@68d13ab
2020-06-08 15:26:24.202 [http-nio-9000-exec-1] INFO  com.springboot.logger_file.controller.Index - org.apache.catalina.connector.RequestFacade@68d13ab
